0 info it worked if it ends with ok
1 verbose cli [ 'C:\\Program Files\\nodejs\\\\node.exe',
1 verbose cli   'C:\\Program Files\\nodejs\\node_modules\\npm\\bin\\npm-cli.js',
1 verbose cli   'run',
1 verbose cli   'start' ]
2 info using npm@1.2.15
3 info using node@v0.11.0
4 verbose node symlink C:\Program Files\nodejs\\node.exe
5 verbose read json C:\Users\Iv\Desktop\pr\ivanpratasevich-JSFE2021Q3\presentation\package.json
6 verbose run-script [ 'prestart', 'start', 'poststart' ]
7 info prestart reveal.js@4.2.1
8 info start reveal.js@4.2.1
9 verbose unsafe-perm in lifecycle true
10 silly exec cmd "/c" "gulp serve"
11 silly cmd,/c,gulp serve,C:\Users\Iv\Desktop\pr\ivanpratasevich-JSFE2021Q3\presentation spawning
12 info reveal.js@4.2.1 Failed to exec start script
13 error reveal.js@4.2.1 start: `gulp serve`
13 error `cmd "/c" "gulp serve"` failed with 1
14 error Failed at the reveal.js@4.2.1 start script.
14 error This is most likely a problem with the reveal.js package,
14 error not with npm itself.
14 error Tell the author that this fails on your system:
14 error     gulp serve
14 error You can get their info via:
14 error     npm owner ls reveal.js
14 error There is likely additional logging output above.
15 error System Windows_NT 6.2.9200
16 error command "C:\\Program Files\\nodejs\\\\node.exe" "C:\\Program Files\\nodejs\\node_modules\\npm\\bin\\npm-cli.js" "run" "start"
17 error cwd C:\Users\Iv\Desktop\pr\ivanpratasevich-JSFE2021Q3\presentation
18 error node -v v0.11.0
19 error npm -v 1.2.15
20 error code ELIFECYCLE
21 verbose exit [ 1, true ]
